"../../../Engine/Content/Tutorial/ContentIntroCurve.uasset" 0
"../../../Engine/Content/Tutorial/ContentIntroCurve.uexp" 1
"../../../Engine/Content/MobileResources/HUD/VirtualJoystick_Background.uasset" 2
"../../../Engine/Content/MobileResources/HUD/VirtualJoystick_Background.uexp" 3
"../../../Engine/Content/MobileResources/HUD/VirtualJoystick_Thumb.uasset" 4
"../../../Engine/Content/MobileResources/HUD/VirtualJoystick_Thumb.uexp" 5
"../../../Engine/Content/MobileResources/HUD/DefaultVirtualJoysticks.uasset" 6
"../../../Engine/Content/MobileResources/HUD/DefaultVirtualJoysticks.uexp" 7
"../../../Engine/Content/VREditor/TransformGizmo/Main.uasset" 8
"../../../Engine/Content/VREditor/TransformGizmo/Main.uexp" 9
"../../../Engine/Content/VREditor/TransformGizmo/Xray.uasset" 10
"../../../Engine/Content/VREditor/TransformGizmo/Xray.uexp" 11
"../../../Engine/Content/VREditor/TransformGizmo/SM_Sequencer_Node.uasset" 12
"../../../Engine/Content/VREditor/TransformGizmo/SM_Sequencer_Node.uexp" 13
"../../../Engine/Content/VREditor/LaserPointer/VR_LaserPower_01.ubulk" 14
"../../../Engine/Content/VREditor/LaserPointer/VR_LaserPower_01.uasset" 15
"../../../Engine/Content/VREditor/LaserPointer/VR_LaserPower_01.uexp" 16
"../../../Engine/Content/VREditor/TransformGizmo/TransformGizmoMaterial.uasset" 17
"../../../Engine/Content/VREditor/TransformGizmo/TransformGizmoMaterial.uexp" 18
"../../../Engine/Content/VREditor/TransformGizmo/TranslucentTransformGizmoMaterial.uasset" 19
"../../../Engine/Content/VREditor/TransformGizmo/TranslucentTransformGizmoMaterial.uexp" 20
"../../../Engine/Content/VREditor/TransformGizmo/PlaneTranslationHandle.uasset" 21
"../../../Engine/Content/VREditor/TransformGizmo/PlaneTranslationHandle.uexp" 22
"../../../Engine/Content/VREditor/TransformGizmo/BoundingBoxEdge.uasset" 23
"../../../Engine/Content/VREditor/TransformGizmo/BoundingBoxEdge.uexp" 24
"../../../Engine/Content/VREditor/TransformGizmo/BoundingBoxCorner.uasset" 25
"../../../Engine/Content/VREditor/TransformGizmo/BoundingBoxCorner.uexp" 26
"../../../Engine/Content/Functions/Engine_MaterialFunctions01/Shading/PowerToRoughness.uasset" 27
"../../../Engine/Content/Functions/Engine_MaterialFunctions01/Shading/PowerToRoughness.uexp" 28
"../../../Engine/Content/Functions/Engine_MaterialFunctions01/Shading/ConvertFromDiffSpec.uasset" 29
"../../../Engine/Content/Functions/Engine_MaterialFunctions01/Shading/ConvertFromDiffSpec.uexp" 30
"../../../Engine/Content/EngineSounds/Master.uasset" 31
"../../../Engine/Content/EngineSounds/Master.uexp" 32
"../../../Engine/Content/EngineSky/VolumetricClouds/CloudWeatherTexture.uasset" 33
"../../../Engine/Content/EngineSky/VolumetricClouds/CloudWeatherTexture.uexp" 34
"../../../Engine/Content/Functions/Engine_MaterialFunctions02/Utility/MakeFloat2.uasset" 35
"../../../Engine/Content/Functions/Engine_MaterialFunctions02/Utility/MakeFloat2.uexp" 36
"../../../Engine/Content/EngineSky/VolumetricClouds/CloudGradientTexture.uasset" 37
"../../../Engine/Content/EngineSky/VolumetricClouds/CloudGradientTexture.uexp" 38
"../../../Engine/Content/EngineSky/VolumetricClouds/T_NoiseShape64.ubulk" 39
"../../../Engine/Content/EngineSky/VolumetricClouds/T_NoiseShape64.uasset" 40
"../../../Engine/Content/EngineSky/VolumetricClouds/T_NoiseShape64.uexp" 41
"../../../Engine/Content/EngineSky/VolumetricClouds/T_VolumeNoiseShape64.uasset" 42
"../../../Engine/Content/EngineSky/VolumetricClouds/T_VolumeNoiseShape64.uexp" 43
"../../../Engine/Content/EngineSky/VolumetricClouds/T_NoiseErosion.ubulk" 44
"../../../Engine/Content/EngineSky/VolumetricClouds/T_NoiseErosion.uasset" 45
"../../../Engine/Content/EngineSky/VolumetricClouds/T_NoiseErosion.uexp" 46
"../../../Engine/Content/EngineSky/VolumetricClouds/T_VolumeNoiseErosion32.uasset" 47
"../../../Engine/Content/EngineSky/VolumetricClouds/T_VolumeNoiseErosion32.uexp" 48
"../../../Engine/Content/EngineSky/VolumetricClouds/m_SimpleVolumetricCloud.uasset" 49
"../../../Engine/Content/EngineSky/VolumetricClouds/m_SimpleVolumetricCloud.uexp" 50
"../../../Engine/Content/EngineSky/VolumetricClouds/m_SimpleVolumetricCloud_Inst.uasset" 51
"../../../Engine/Content/EngineSky/VolumetricClouds/m_SimpleVolumetricCloud_Inst.uexp" 52
"../../../Engine/Content/EngineResources/GradientTexture0.uasset" 53
"../../../Engine/Content/EngineResources/GradientTexture0.uexp" 54
"../../../Engine/Content/EngineResources/DefaultVolumeTexture2D.uasset" 55
"../../../Engine/Content/EngineResources/DefaultVolumeTexture2D.uexp" 56
"../../../Engine/Content/EngineResources/DefaultVolumeTexture.uasset" 57
"../../../Engine/Content/EngineResources/DefaultVolumeTexture.uexp" 58
"../../../Engine/Content/EngineResources/DefaultTextureCube.uasset" 59
"../../../Engine/Content/EngineResources/DefaultTextureCube.uexp" 60
"../../../Engine/Content/EngineResources/DefaultTexture.ubulk" 61
"../../../Engine/Content/EngineResources/DefaultTexture.uasset" 62
"../../../Engine/Content/EngineResources/DefaultTexture.uexp" 63
"../../../Engine/Content/EngineResources/Black.uasset" 64
"../../../Engine/Content/EngineResources/Black.uexp" 65
"../../../Engine/Content/EngineResources/FilmGrains/Marcie_Grain_v3_128_M2_000.uasset" 66
"../../../Engine/Content/EngineResources/FilmGrains/Marcie_Grain_v3_128_M2_000.uexp" 67
"../../../Engine/Content/EngineMeshes/Sphere.uasset" 68
"../../../Engine/Content/EngineMeshes/Sphere.uexp" 69
"../../../Engine/Content/EngineResources/WhiteSquareTexture.uasset" 70
"../../../Engine/Content/EngineResources/WhiteSquareTexture.uexp" 71
"../../../Engine/Content/EngineMaterials/Widget3DPassThrough.uasset" 72
"../../../Engine/Content/EngineMaterials/Widget3DPassThrough.uexp" 73
"../../../Engine/Content/EngineMaterials/Widget3DPassThrough_Translucent.uasset" 74
"../../../Engine/Content/EngineMaterials/Widget3DPassThrough_Translucent.uexp" 75
"../../../Engine/Content/EngineMaterials/Widget3DPassThrough_Translucent_OneSided.uasset" 76
"../../../Engine/Content/EngineMaterials/Widget3DPassThrough_Translucent_OneSided.uexp" 77
"../../../Engine/Content/EngineMaterials/Widget3DPassThrough_Opaque.uasset" 78
"../../../Engine/Content/EngineMaterials/Widget3DPassThrough_Opaque.uexp" 79
"../../../Engine/Content/EngineMaterials/Widget3DPassThrough_Opaque_OneSided.uasset" 80
"../../../Engine/Content/EngineMaterials/Widget3DPassThrough_Opaque_OneSided.uexp" 81
"../../../Engine/Content/EngineMaterials/Widget3DPassThrough_Masked_OneSided.uasset" 82
"../../../Engine/Content/EngineMaterials/Widget3DPassThrough_Masked_OneSided.uexp" 83
"../../../Engine/Content/EngineMaterials/Widget3DPassThrough_Masked.uasset" 84
"../../../Engine/Content/EngineMaterials/Widget3DPassThrough_Masked.uexp" 85
"../../../Engine/Content/EngineMaterials/WeightMapPlaceholderTexture.uasset" 86
"../../../Engine/Content/EngineMaterials/WeightMapPlaceholderTexture.uexp" 87
"../../../Engine/Content/EngineMaterials/RemoveSurfaceMaterial.uasset" 88
"../../../Engine/Content/EngineMaterials/RemoveSurfaceMaterial.uexp" 89
"../../../Engine/Content/EngineMaterials/PreintegratedSkinBRDF.uasset" 90
"../../../Engine/Content/EngineMaterials/PreintegratedSkinBRDF.uexp" 91
"../../../Engine/Content/EngineMaterials/DefaultCalibrationGrayscale.uasset" 92
"../../../Engine/Content/EngineMaterials/DefaultCalibrationGrayscale.uexp" 93
"../../../Engine/Content/EngineMaterials/PPM_DefaultCalibrationGrayscale.uasset" 94
"../../../Engine/Content/EngineMaterials/PPM_DefaultCalibrationGrayscale.uexp" 95
"../../../Engine/Content/EngineMaterials/DefaultCalibrationColor.uasset" 96
"../../../Engine/Content/EngineMaterials/DefaultCalibrationColor.uexp" 97
"../../../Engine/Content/EngineMaterials/PPM_DefaultCalibrationColor.uasset" 98
"../../../Engine/Content/EngineMaterials/PPM_DefaultCalibrationColor.uexp" 99
"../../../Engine/Content/Functions/Engine_MaterialFunctions02/WorldPositionOffset/CameraOffset.uasset" 100
"../../../Engine/Content/Functions/Engine_MaterialFunctions02/WorldPositionOffset/CameraOffset.uexp" 101
"../../../Engine/Content/EngineMaterials/PhAT_JointLimitMaterial.uasset" 102
"../../../Engine/Content/EngineMaterials/PhAT_JointLimitMaterial.uexp" 103
"../../../Engine/Content/EngineMaterials/InvalidLightmapSettings.ubulk" 104
"../../../Engine/Content/EngineMaterials/InvalidLightmapSettings.uasset" 105
"../../../Engine/Content/EngineMaterials/InvalidLightmapSettings.uexp" 106
"../../../Engine/Content/EngineMaterials/M_InvalidLightmapSettings.uasset" 107
"../../../Engine/Content/EngineMaterials/M_InvalidLightmapSettings.uexp" 108
"../../../Engine/Content/EngineMaterials/MiniFont.uasset" 109
"../../../Engine/Content/EngineMaterials/MiniFont.uexp" 110
"../../../Engine/Content/EngineMaterials/Good64x64TilingNoiseHighFreq.uasset" 111
"../../../Engine/Content/EngineMaterials/Good64x64TilingNoiseHighFreq.uexp" 112
"../../../Engine/Content/EngineMaterials/GizmoMaterial.uasset" 113
"../../../Engine/Content/EngineMaterials/GizmoMaterial.uexp" 114
"../../../Engine/Content/EngineMaterials/BaseFlattenEmissiveMap_VT.uasset" 115
"../../../Engine/Content/EngineMaterials/BaseFlattenEmissiveMap_VT.uexp" 116
"../../../Engine/Content/EngineMaterials/BaseFlattenGrayscaleMap_VT.uasset" 117
"../../../Engine/Content/EngineMaterials/BaseFlattenGrayscaleMap_VT.uexp" 118
"../../../Engine/Content/EngineMaterials/BaseFlattenLinearColor_VT.uasset" 119
"../../../Engine/Content/EngineMaterials/BaseFlattenLinearColor_VT.uexp" 120
"../../../Engine/Content/EngineMaterials/Black_1x1_EXR_Texture_VT.uasset" 121
"../../../Engine/Content/EngineMaterials/Black_1x1_EXR_Texture_VT.uexp" 122
"../../../Engine/Content/EngineMaterials/BaseFlattenDiffuseMap_VT.uasset" 123
"../../../Engine/Content/EngineMaterials/BaseFlattenDiffuseMap_VT.uexp" 124
"../../../Engine/Content/EngineMaterials/BaseFlattenNormalMap_VT.uasset" 125
"../../../Engine/Content/EngineMaterials/BaseFlattenNormalMap_VT.uexp" 126
"../../../Engine/Content/EngineMaterials/FlattenMaterial_WS_Normal_VT.uasset" 127
"../../../Engine/Content/EngineMaterials/FlattenMaterial_WS_Normal_VT.uexp" 128
"../../../Engine/Content/EngineMaterials/FlattenMaterial_VT.uasset" 129
"../../../Engine/Content/EngineMaterials/FlattenMaterial_VT.uexp" 130
"../../../Engine/Content/EngineMaterials/BaseFlattenNormalMap.uasset" 131
"../../../Engine/Content/EngineMaterials/BaseFlattenNormalMap.uexp" 132
"../../../Engine/Content/EngineMaterials/BaseFlattenGrayscaleMap.uasset" 133
"../../../Engine/Content/EngineMaterials/BaseFlattenGrayscaleMap.uexp" 134
"../../../Engine/Content/EngineMaterials/BaseFlattenDiffuseMap.uasset" 135
"../../../Engine/Content/EngineMaterials/BaseFlattenDiffuseMap.uexp" 136
"../../../Engine/Content/Functions/Engine_MaterialFunctions02/PivotPainter2/Black_1x1_EXR_Texture.uasset" 137
"../../../Engine/Content/Functions/Engine_MaterialFunctions02/PivotPainter2/Black_1x1_EXR_Texture.uexp" 138
"../../../Engine/Content/EngineMaterials/BaseFlattenEmissiveMap.uasset" 139
"../../../Engine/Content/EngineMaterials/BaseFlattenEmissiveMap.uexp" 140
"../../../Engine/Content/EngineMaterials/BaseFlattenLinearColor.uasset" 141
"../../../Engine/Content/EngineMaterials/BaseFlattenLinearColor.uexp" 142
"../../../Engine/Content/EngineMaterials/FlattenMaterial.uasset" 143
"../../../Engine/Content/EngineMaterials/FlattenMaterial.uexp" 144
"../../../Engine/Content/EngineMaterials/DefaultWhiteGrid_Low.uasset" 145
"../../../Engine/Content/EngineMaterials/DefaultWhiteGrid_Low.uexp" 146
"../../../Engine/Content/EngineMaterials/EmissiveMeshMaterial.uasset" 147
"../../../Engine/Content/EngineMaterials/EmissiveMeshMaterial.uexp" 148
"../../../Engine/Content/EngineMaterials/DefaultWhiteGrid.ubulk" 149
"../../../Engine/Content/EngineMaterials/DefaultWhiteGrid.uasset" 150
"../../../Engine/Content/EngineMaterials/DefaultWhiteGrid.uexp" 151
"../../../Engine/Content/EngineFonts/RobotoDistanceField.uasset" 152
"../../../Engine/Content/EngineFonts/RobotoDistanceField.uexp" 153
"../../../Engine/Content/EngineMaterials/DefaultTextMaterialOpaque.uasset" 154
"../../../Engine/Content/EngineMaterials/DefaultTextMaterialOpaque.uexp" 155
"../../../Engine/Content/EngineMaterials/DefaultDiffuse.ubulk" 156
"../../../Engine/Content/EngineMaterials/DefaultDiffuse.uasset" 157
"../../../Engine/Content/EngineMaterials/DefaultDiffuse.uexp" 158
"../../../Engine/Content/Functions/Engine_MaterialFunctions02/Utility/BreakOutFloat2Components.uasset" 159
"../../../Engine/Content/Functions/Engine_MaterialFunctions02/Utility/BreakOutFloat2Components.uexp" 160
"../../../Engine/Content/EngineMaterials/DefaultPostProcessMaterial.uasset" 161
"../../../Engine/Content/EngineMaterials/DefaultPostProcessMaterial.uexp" 162
"../../../Engine/Content/EngineMaterials/DefaultPhysicalMaterial.uasset" 163
"../../../Engine/Content/EngineMaterials/DefaultPhysicalMaterial.uexp" 164
"../../../Engine/Content/EngineMaterials/DefaultLightFunctionMaterial.uasset" 165
"../../../Engine/Content/EngineMaterials/DefaultLightFunctionMaterial.uexp" 166
"../../../Engine/Content/EngineMaterials/DefaultDestructiblePhysicalMaterial.uasset" 167
"../../../Engine/Content/EngineMaterials/DefaultDestructiblePhysicalMaterial.uexp" 168
"../../../Engine/Content/EngineMaterials/DefaultDeferredDecalMaterial.uasset" 169
"../../../Engine/Content/EngineMaterials/DefaultDeferredDecalMaterial.uexp" 170
"../../../Engine/Content/EngineMaterials/DefaultBokeh.uasset" 171
"../../../Engine/Content/EngineMaterials/DefaultBokeh.uexp" 172
"../../../Engine/Content/EngineMaterials/DefaultBloomKernel.uasset" 173
"../../../Engine/Content/EngineMaterials/DefaultBloomKernel.uexp" 174
"../../../Engine/Content/EngineMaterials/BlueNoise.uasset" 175
"../../../Engine/Content/EngineMaterials/BlueNoise.uexp" 176
"../../../Engine/Content/EngineFonts/Faces/RobotoLight.uexp" 177
"../../../Engine/Content/EngineFonts/Faces/RobotoLight.uasset" 178
"../../../Engine/Content/EngineFonts/Faces/RobotoLight.ufont" 179
"../../../Engine/Content/EngineFonts/Faces/RobotoBold.uexp" 180
"../../../Engine/Content/EngineFonts/Faces/RobotoBold.uasset" 181
"../../../Engine/Content/EngineFonts/Faces/RobotoBold.ufont" 182
"../../../Engine/Content/EngineFonts/Faces/RobotoRegular.uexp" 183
"../../../Engine/Content/EngineFonts/Faces/RobotoRegular.uasset" 184
"../../../Engine/Content/EngineFonts/Faces/RobotoRegular.ufont" 185
"../../../Engine/Content/EngineFonts/Faces/DroidSansFallback.uexp" 186
"../../../Engine/Content/EngineFonts/Faces/DroidSansFallback.uasset" 187
"../../../Engine/Content/EngineFonts/Faces/DroidSansFallback.ufont" 188
"../../../Engine/Content/EngineFonts/Faces/RobotoItalic.uexp" 189
"../../../Engine/Content/EngineFonts/Faces/RobotoItalic.uasset" 190
"../../../Engine/Content/EngineFonts/Faces/RobotoItalic.ufont" 191
"../../../Engine/Content/EngineFonts/Faces/RobotoBoldItalic.uexp" 192
"../../../Engine/Content/EngineFonts/Faces/RobotoBoldItalic.uasset" 193
"../../../Engine/Content/EngineFonts/Faces/RobotoBoldItalic.ufont" 194
"../../../Engine/Content/EngineFonts/Roboto.uasset" 195
"../../../Engine/Content/EngineFonts/Roboto.uexp" 196
"../../../Engine/Content/Functions/Engine_MaterialFunctions02/Utility/CameraDirectionVector.uasset" 197
"../../../Engine/Content/Functions/Engine_MaterialFunctions02/Utility/CameraDirectionVector.uexp" 198
"../../../Engine/Content/EngineDebugMaterials/VolumeToRender.uasset" 199
"../../../Engine/Content/EngineDebugMaterials/VolumeToRender.uexp" 200
"../../../Engine/Content/EngineDebugMaterials/M_VolumeRenderSphereTracePP.uasset" 201
"../../../Engine/Content/EngineDebugMaterials/M_VolumeRenderSphereTracePP.uexp" 202
"../../../Engine/Content/EngineDebugMaterials/M_SimpleUnlitTranslucent.uasset" 203
"../../../Engine/Content/EngineDebugMaterials/M_SimpleUnlitTranslucent.uexp" 204
"../../../Engine/Content/EngineDebugMaterials/DebugMeshMaterial.uasset" 205
"../../../Engine/Content/EngineDebugMaterials/DebugMeshMaterial.uexp" 206
"../../../Engine/Content/EngineDebugMaterials/DebugEditorMaterial.uasset" 207
"../../../Engine/Content/EngineDebugMaterials/DebugEditorMaterial.uexp" 208
"../../../Engine/Content/EngineDamageTypes/DmgTypeBP_Environmental.uasset" 209
"../../../Engine/Content/EngineDamageTypes/DmgTypeBP_Environmental.uexp" 210
"../../../Engine/Content/EditorResources/S_TriggerSphere.uasset" 211
"../../../Engine/Content/EditorResources/S_TriggerSphere.uexp" 212
"../../../Engine/Content/EditorResources/S_TriggerCapsule.uasset" 213
"../../../Engine/Content/EditorResources/S_TriggerCapsule.uexp" 214
"../../../Engine/Content/EditorResources/S_TriggerBox.uasset" 215
"../../../Engine/Content/EditorResources/S_TriggerBox.uexp" 216
"../../../Engine/Content/EditorResources/S_Trigger.ubulk" 217
"../../../Engine/Content/EditorResources/S_Trigger.uasset" 218
"../../../Engine/Content/EditorResources/S_Trigger.uexp" 219
"../../../Engine/Content/EditorResources/S_Terrain.ubulk" 220
"../../../Engine/Content/EditorResources/S_Terrain.uasset" 221
"../../../Engine/Content/EditorResources/S_Terrain.uexp" 222
"../../../Engine/Content/EditorResources/S_Solver.ubulk" 223
"../../../Engine/Content/EditorResources/S_Solver.uasset" 224
"../../../Engine/Content/EditorResources/S_Solver.uexp" 225
"../../../Engine/Content/EditorResources/S_BoxReflectionCapture.uasset" 226
"../../../Engine/Content/EditorResources/S_BoxReflectionCapture.uexp" 227
"../../../Engine/Content/EditorResources/S_Actor.ubulk" 228
"../../../Engine/Content/EditorResources/S_Actor.uasset" 229
"../../../Engine/Content/EditorResources/S_Actor.uexp" 230
"../../../Engine/Content/EditorResources/EmptyActor.uasset" 231
"../../../Engine/Content/EditorResources/EmptyActor.uexp" 232
"../../../Engine/Content/EditorResources/BSPVertex.uasset" 233
"../../../Engine/Content/EditorResources/BSPVertex.uexp" 234
"../../../Engine/Content/EditorResources/SequenceRecorder/RecordingIndicator.uasset" 235
"../../../Engine/Content/EditorResources/SequenceRecorder/RecordingIndicator.uexp" 236
"../../../Engine/Content/EditorResources/SequenceRecorder/Countdown.uasset" 237
"../../../Engine/Content/EditorResources/SequenceRecorder/Countdown.uexp" 238
"../../../Engine/Content/EditorResources/AudioIcons/S_AudioComponent.uasset" 239
"../../../Engine/Content/EditorResources/AudioIcons/S_AudioComponent.uexp" 240
"../../../Engine/Content/EditorMaterials/Camera/CineMat.uasset" 241
"../../../Engine/Content/EditorMaterials/Camera/CineMat.uexp" 242
"../../../Engine/Content/EditorMaterials/Camera/MI_CineMat_Rig.uasset" 243
"../../../Engine/Content/EditorMaterials/Camera/MI_CineMat_Rig.uexp" 244
"../../../Engine/Content/EditorMeshes/Camera/SM_RailRig_Track.uasset" 245
"../../../Engine/Content/EditorMeshes/Camera/SM_RailRig_Track.uexp" 246
"../../../Engine/Content/EditorMeshes/Camera/SM_RailRig_Mount.uasset" 247
"../../../Engine/Content/EditorMeshes/Camera/SM_RailRig_Mount.uexp" 248
"../../../Engine/Content/EditorMeshes/Camera/SM_CraneRig_Mount.uasset" 249
"../../../Engine/Content/EditorMeshes/Camera/SM_CraneRig_Mount.uexp" 250
"../../../Engine/Content/EditorMeshes/Camera/SM_CraneRig_Body.uasset" 251
"../../../Engine/Content/EditorMeshes/Camera/SM_CraneRig_Body.uexp" 252
"../../../Engine/Content/EditorMeshes/Camera/SM_CraneRig_Base.uasset" 253
"../../../Engine/Content/EditorMeshes/Camera/SM_CraneRig_Base.uexp" 254
"../../../Engine/Content/EditorMeshes/Camera/SM_CraneRig_Arm.uasset" 255
"../../../Engine/Content/EditorMeshes/Camera/SM_CraneRig_Arm.uexp" 256
"../../../Engine/Content/EditorMaterials/PreviewShadowIndicator.ubulk" 257
"../../../Engine/Content/EditorMaterials/PreviewShadowIndicator.uasset" 258
"../../../Engine/Content/EditorMaterials/PreviewShadowIndicator.uexp" 259
"../../../Engine/Content/EditorMaterials/PreviewShadowIndicatorMaterial.uasset" 260
"../../../Engine/Content/EditorMaterials/PreviewShadowIndicatorMaterial.uexp" 261
"../../../Engine/Content/EditorMaterials/MAT_Groups_Visibility.uasset" 262
"../../../Engine/Content/EditorMaterials/MAT_Groups_Visibility.uexp" 263
"../../../Engine/Content/EditorMaterials/MAT_Groups_Toggle.uasset" 264
"../../../Engine/Content/EditorMaterials/MAT_Groups_Toggle.uexp" 265
"../../../Engine/Content/Functions/Engine_MaterialFunctions02/Utility/MakeFloat4.uasset" 266
"../../../Engine/Content/Functions/Engine_MaterialFunctions02/Utility/MakeFloat4.uexp" 267
"../../../Engine/Content/Functions/Engine_MaterialFunctions02/Utility/MakeFloat3.uasset" 268
"../../../Engine/Content/Functions/Engine_MaterialFunctions02/Utility/MakeFloat3.uexp" 269
"../../../Engine/Content/Functions/Engine_MaterialFunctions02/Utility/BreakOutFloat3Components.uasset" 270
"../../../Engine/Content/Functions/Engine_MaterialFunctions02/Utility/BreakOutFloat3Components.uexp" 271
"../../../Engine/Content/EditorMaterials/WorldPartition/WorldPartitionSpatialHashGridPreviewMaterial.uasset" 272
"../../../Engine/Content/EditorMaterials/WorldPartition/WorldPartitionSpatialHashGridPreviewMaterial.uexp" 273
"../../../Engine/Content/EditorMaterials/ParticleSystems/PSysThumbnail_OOD.ubulk" 274
"../../../Engine/Content/EditorMaterials/ParticleSystems/PSysThumbnail_OOD.uasset" 275
"../../../Engine/Content/EditorMaterials/ParticleSystems/PSysThumbnail_OOD.uexp" 276
"../../../Engine/Content/EditorMaterials/ParticleSystems/PSysThumbnail_NoImage.ubulk" 277
"../../../Engine/Content/EditorMaterials/ParticleSystems/PSysThumbnail_NoImage.uasset" 278
"../../../Engine/Content/EditorMaterials/ParticleSystems/PSysThumbnail_NoImage.uexp" 279
"../../../Engine/Content/EditorMaterials/MatineeGroups/MAT_Groups_Vector.uasset" 280
"../../../Engine/Content/EditorMaterials/MatineeGroups/MAT_Groups_Vector.uexp" 281
"../../../Engine/Content/EditorMaterials/MatineeGroups/MAT_Groups_Sound.uasset" 282
"../../../Engine/Content/EditorMaterials/MatineeGroups/MAT_Groups_Sound.uexp" 283
"../../../Engine/Content/EditorMaterials/MatineeGroups/MAT_Groups_Slomo.uasset" 284
"../../../Engine/Content/EditorMaterials/MatineeGroups/MAT_Groups_Slomo.uexp" 285
"../../../Engine/Content/EditorMaterials/MatineeGroups/MAT_Groups_Move.uasset" 286
"../../../Engine/Content/EditorMaterials/MatineeGroups/MAT_Groups_Move.uexp" 287
"../../../Engine/Content/EditorMaterials/MatineeGroups/MAT_Groups_Float.uasset" 288
"../../../Engine/Content/EditorMaterials/MatineeGroups/MAT_Groups_Float.uexp" 289
"../../../Engine/Content/EditorMaterials/MatineeGroups/MAT_Groups_Fade.uasset" 290
"../../../Engine/Content/EditorMaterials/MatineeGroups/MAT_Groups_Fade.uexp" 291
"../../../Engine/Content/EditorMaterials/MatineeGroups/MAT_Groups_Event.uasset" 292
"../../../Engine/Content/EditorMaterials/MatineeGroups/MAT_Groups_Event.uexp" 293
"../../../Engine/Content/EditorMaterials/MatineeGroups/MAT_Groups_Director.uasset" 294
"../../../Engine/Content/EditorMaterials/MatineeGroups/MAT_Groups_Director.uexp" 295
"../../../Engine/Content/EditorMaterials/MatineeGroups/MAT_Groups_AudioMaster.uasset" 296
"../../../Engine/Content/EditorMaterials/MatineeGroups/MAT_Groups_AudioMaster.uexp" 297
"../../../Engine/Content/EditorMaterials/MatineeGroups/MAT_Groups_Anim.uasset" 298
"../../../Engine/Content/EditorMaterials/MatineeGroups/MAT_Groups_Anim.uexp" 299
"../../../Engine/Content/EditorMaterials/MatineeGroups/MAT_ColorTrack.uasset" 300
"../../../Engine/Content/EditorMaterials/MatineeGroups/MAT_ColorTrack.uexp" 301
"../../../Engine/Content/EditorLandscapeResources/DefaultAlphaTexture.uasset" 302
"../../../Engine/Content/EditorLandscapeResources/DefaultAlphaTexture.uexp" 303
"../../../Engine/Content/EditorLandscapeResources/DataLayer.uasset" 304
"../../../Engine/Content/EditorLandscapeResources/DataLayer.uexp" 305
"../../../Engine/Content/EngineMaterials/T_Default_Material_Grid_M.ubulk" 306
"../../../Engine/Content/EngineMaterials/T_Default_Material_Grid_M.uasset" 307
"../../../Engine/Content/EngineMaterials/T_Default_Material_Grid_M.uexp" 308
"../../../Engine/Content/EngineMaterials/T_Default_Material_Grid_N.ubulk" 309
"../../../Engine/Content/EngineMaterials/T_Default_Material_Grid_N.uasset" 310
"../../../Engine/Content/EngineMaterials/T_Default_Material_Grid_N.uexp" 311
"../../../Engine/Content/Functions/Engine_MaterialFunctions01/Opacity/CameraDepthFade.uasset" 312
"../../../Engine/Content/Functions/Engine_MaterialFunctions01/Opacity/CameraDepthFade.uexp" 313
"../../../Engine/Content/EngineMaterials/DefaultMaterial.uasset" 314
"../../../Engine/Content/EngineMaterials/DefaultMaterial.uexp" 315
"../../../Engine/Content/BasicShapes/Sphere.uasset" 316
"../../../Engine/Content/BasicShapes/Sphere.uexp" 317
"../../../Engine/Content/EngineMaterials/WorldGridMaterial.uasset" 318
"../../../Engine/Content/EngineMaterials/WorldGridMaterial.uexp" 319
"../../../Engine/Content/BasicShapes/Plane.uasset" 320
"../../../Engine/Content/BasicShapes/Plane.uexp" 321
"../../../Engine/Content/BasicShapes/Cylinder.uasset" 322
"../../../Engine/Content/BasicShapes/Cylinder.uexp" 323
"../../../Engine/Content/BasicShapes/Cube.uasset" 324
"../../../Engine/Content/BasicShapes/Cube.uexp" 325
"../../../Engine/Content/BasicShapes/Cone.uasset" 326
"../../../Engine/Content/BasicShapes/Cone.uexp" 327
"../../../Engine/Content/ArtTools/RenderToTexture/Meshes/S_1_Unit_Plane.uasset" 328
"../../../Engine/Content/ArtTools/RenderToTexture/Meshes/S_1_Unit_Plane.uexp" 329
"../../../Engine/Content/Animation/DefaultAnimCurveCompressionSettings.uasset" 330
"../../../Engine/Content/Animation/DefaultAnimCurveCompressionSettings.uexp" 331
"../../../Engine/Content/Animation/DefaultAnimBoneCompressionSettings.uasset" 332
"../../../Engine/Content/Animation/DefaultAnimBoneCompressionSettings.uexp" 333
"../../../Engine/Plugins/2D/Paper2D/Content/PlaceholderTextures/DummySpriteTexture.ubulk" 334
"../../../Engine/Plugins/2D/Paper2D/Content/PlaceholderTextures/DummySpriteTexture.uasset" 335
"../../../Engine/Plugins/2D/Paper2D/Content/PlaceholderTextures/DummySpriteTexture.uexp" 336
"../../../Engine/Plugins/2D/Paper2D/Content/DefaultSpriteMaterial.uasset" 337
"../../../Engine/Plugins/2D/Paper2D/Content/DefaultSpriteMaterial.uexp" 338
"../../../Engine/Plugins/2D/Paper2D/Content/OpaqueUnlitSpriteMaterial.uasset" 339
"../../../Engine/Plugins/2D/Paper2D/Content/OpaqueUnlitSpriteMaterial.uexp" 340
"../../../Engine/Plugins/2D/Paper2D/Content/MaskedUnlitSpriteMaterial.uasset" 341
"../../../Engine/Plugins/2D/Paper2D/Content/MaskedUnlitSpriteMaterial.uexp" 342
"../../../Engine/Plugins/2D/Paper2D/Content/DummySprite.uasset" 343
"../../../Engine/Plugins/2D/Paper2D/Content/DummySprite.uexp" 344
"../../../Engine/Plugins/2D/Paper2D/Content/DefaultPaperTerrainMaterial.uasset" 345
"../../../Engine/Plugins/2D/Paper2D/Content/DefaultPaperTerrainMaterial.uexp" 346
"../../../Engine/Plugins/Animation/ControlRig/Content/M_Manip.uasset" 347
"../../../Engine/Plugins/Animation/ControlRig/Content/M_Manip.uexp" 348
"../../../Engine/Plugins/Animation/ControlRig/Content/Controls/DefaultGizmoLibraryNormalized.uasset" 349
"../../../Engine/Plugins/Animation/ControlRig/Content/Controls/DefaultGizmoLibraryNormalized.uexp" 350
"../../../Engine/Plugins/Animation/ControlRig/Content/Controls/ControlRig_Wedge_solid.uasset" 351
"../../../Engine/Plugins/Animation/ControlRig/Content/Controls/ControlRig_Wedge_solid.uexp" 352
"../../../Engine/Plugins/Animation/ControlRig/Content/Controls/ControlRig_Wedge_3mm.uasset" 353
"../../../Engine/Plugins/Animation/ControlRig/Content/Controls/ControlRig_Wedge_3mm.uexp" 354
"../../../Engine/Plugins/Animation/ControlRig/Content/Controls/ControlRig_Wedge_1mm.uasset" 355
"../../../Engine/Plugins/Animation/ControlRig/Content/Controls/ControlRig_Wedge_1mm.uexp" 356
"../../../Engine/Plugins/Animation/ControlRig/Content/Controls/ControlRig_Triangle_solid.uasset" 357
"../../../Engine/Plugins/Animation/ControlRig/Content/Controls/ControlRig_Triangle_solid.uexp" 358
"../../../Engine/Plugins/Animation/ControlRig/Content/Controls/ControlRig_Triangle_3mm.uasset" 359
"../../../Engine/Plugins/Animation/ControlRig/Content/Controls/ControlRig_Triangle_3mm.uexp" 360
"../../../Engine/Plugins/Animation/ControlRig/Content/Controls/ControlRig_Triangle_1mm.uasset" 361
"../../../Engine/Plugins/Animation/ControlRig/Content/Controls/ControlRig_Triangle_1mm.uexp" 362
"../../../Engine/Plugins/Animation/ControlRig/Content/Controls/ControlRig_Star4_solid.uasset" 363
"../../../Engine/Plugins/Animation/ControlRig/Content/Controls/ControlRig_Star4_solid.uexp" 364
"../../../Engine/Plugins/Animation/ControlRig/Content/Controls/ControlRig_Star4_3mm.uasset" 365
"../../../Engine/Plugins/Animation/ControlRig/Content/Controls/ControlRig_Star4_3mm.uexp" 366
"../../../Engine/Plugins/Animation/ControlRig/Content/Controls/ControlRig_Star4_1mm.uasset" 367
"../../../Engine/Plugins/Animation/ControlRig/Content/Controls/ControlRig_Star4_1mm.uexp" 368
"../../../Engine/Plugins/Animation/ControlRig/Content/Controls/ControlRig_Square_solid.uasset" 369
"../../../Engine/Plugins/Animation/ControlRig/Content/Controls/ControlRig_Square_solid.uexp" 370
"../../../Engine/Plugins/Animation/ControlRig/Content/Controls/ControlRig_Square_3mm.uasset" 371
"../../../Engine/Plugins/Animation/ControlRig/Content/Controls/ControlRig_Square_3mm.uexp" 372
"../../../Engine/Plugins/Animation/ControlRig/Content/Controls/ControlRig_Square_1mm.uasset" 373
"../../../Engine/Plugins/Animation/ControlRig/Content/Controls/ControlRig_Square_1mm.uexp" 374
"../../../Engine/Plugins/Animation/ControlRig/Content/Controls/ControlRig_Sphere_solid.uasset" 375
"../../../Engine/Plugins/Animation/ControlRig/Content/Controls/ControlRig_Sphere_solid.uexp" 376
"../../../Engine/Plugins/Animation/ControlRig/Content/Controls/ControlRig_Sphere_3mm.uasset" 377
"../../../Engine/Plugins/Animation/ControlRig/Content/Controls/ControlRig_Sphere_3mm.uexp" 378
"../../../Engine/Plugins/Animation/ControlRig/Content/Controls/ControlRig_Sphere_1mm.uasset" 379
"../../../Engine/Plugins/Animation/ControlRig/Content/Controls/ControlRig_Sphere_1mm.uexp" 380
"../../../Engine/Plugins/Animation/ControlRig/Content/Controls/ControlRig_RoundedTriangle_solid.uasset" 381
"../../../Engine/Plugins/Animation/ControlRig/Content/Controls/ControlRig_RoundedTriangle_solid.uexp" 382
"../../../Engine/Plugins/Animation/ControlRig/Content/Controls/ControlRig_RoundedTriangle_3mm.uasset" 383
"../../../Engine/Plugins/Animation/ControlRig/Content/Controls/ControlRig_RoundedTriangle_3mm.uexp" 384
"../../../Engine/Plugins/Animation/ControlRig/Content/Controls/ControlRig_RoundedTriangle_1mm.uasset" 385
"../../../Engine/Plugins/Animation/ControlRig/Content/Controls/ControlRig_RoundedTriangle_1mm.uexp" 386
"../../../Engine/Plugins/Animation/ControlRig/Content/Controls/ControlRig_RoundedSquare_solid.uasset" 387
"../../../Engine/Plugins/Animation/ControlRig/Content/Controls/ControlRig_RoundedSquare_solid.uexp" 388
"../../../Engine/Plugins/Animation/ControlRig/Content/Controls/ControlRig_RoundedSquare_3mm.uasset" 389
"../../../Engine/Plugins/Animation/ControlRig/Content/Controls/ControlRig_RoundedSquare_3mm.uexp" 390
"../../../Engine/Plugins/Animation/ControlRig/Content/Controls/ControlRig_RoundedSquare_1mm.uasset" 391
"../../../Engine/Plugins/Animation/ControlRig/Content/Controls/ControlRig_RoundedSquare_1mm.uexp" 392
"../../../Engine/Plugins/Animation/ControlRig/Content/Controls/ControlRig_QuarterCircle_solid.uasset" 393
"../../../Engine/Plugins/Animation/ControlRig/Content/Controls/ControlRig_QuarterCircle_solid.uexp" 394
"../../../Engine/Plugins/Animation/ControlRig/Content/Controls/ControlRig_QuarterCircle_3mm.uasset" 395
"../../../Engine/Plugins/Animation/ControlRig/Content/Controls/ControlRig_QuarterCircle_3mm.uexp" 396
"../../../Engine/Plugins/Animation/ControlRig/Content/Controls/ControlRig_QuarterCircle_1mm.uasset" 397
"../../../Engine/Plugins/Animation/ControlRig/Content/Controls/ControlRig_QuarterCircle_1mm.uexp" 398
"../../../Engine/Plugins/Animation/ControlRig/Content/Controls/ControlRig_Pyramid_solid.uasset" 399
"../../../Engine/Plugins/Animation/ControlRig/Content/Controls/ControlRig_Pyramid_solid.uexp" 400
"../../../Engine/Plugins/Animation/ControlRig/Content/Controls/ControlRig_Pyramid_3mm.uasset" 401
"../../../Engine/Plugins/Animation/ControlRig/Content/Controls/ControlRig_Pyramid_3mm.uexp" 402
"../../../Engine/Plugins/Animation/ControlRig/Content/Controls/ControlRig_Pyramid_1mm.uasset" 403
"../../../Engine/Plugins/Animation/ControlRig/Content/Controls/ControlRig_Pyramid_1mm.uexp" 404
"../../../Engine/Plugins/Animation/ControlRig/Content/Controls/ControlRig_Octagon_solid.uasset" 405
"../../../Engine/Plugins/Animation/ControlRig/Content/Controls/ControlRig_Octagon_solid.uexp" 406
"../../../Engine/Plugins/Animation/ControlRig/Content/Controls/ControlRig_Octagon_3mm.uasset" 407
"../../../Engine/Plugins/Animation/ControlRig/Content/Controls/ControlRig_Octagon_3mm.uexp" 408
"../../../Engine/Plugins/Animation/ControlRig/Content/Controls/ControlRig_Octagon_1mm.uasset" 409
"../../../Engine/Plugins/Animation/ControlRig/Content/Controls/ControlRig_Octagon_1mm.uexp" 410
"../../../Engine/Plugins/Animation/ControlRig/Content/Controls/ControlRig_Hexagon_solid.uasset" 411
"../../../Engine/Plugins/Animation/ControlRig/Content/Controls/ControlRig_Hexagon_solid.uexp" 412
"../../../Engine/Plugins/Animation/ControlRig/Content/Controls/ControlRig_Hexagon_3mm.uasset" 413
"../../../Engine/Plugins/Animation/ControlRig/Content/Controls/ControlRig_Hexagon_3mm.uexp" 414
"../../../Engine/Plugins/Animation/ControlRig/Content/Controls/ControlRig_Hexagon_1mm.uasset" 415
"../../../Engine/Plugins/Animation/ControlRig/Content/Controls/ControlRig_Hexagon_1mm.uexp" 416
"../../../Engine/Plugins/Animation/ControlRig/Content/Controls/ControlRig_HalfCircle_solid.uasset" 417
"../../../Engine/Plugins/Animation/ControlRig/Content/Controls/ControlRig_HalfCircle_solid.uexp" 418
"../../../Engine/Plugins/Animation/ControlRig/Content/Controls/ControlRig_HalfCircle_3mm.uasset" 419
"../../../Engine/Plugins/Animation/ControlRig/Content/Controls/ControlRig_HalfCircle_3mm.uexp" 420
"../../../Engine/Plugins/Animation/ControlRig/Content/Controls/ControlRig_HalfCircle_1mm.uasset" 421
"../../../Engine/Plugins/Animation/ControlRig/Content/Controls/ControlRig_HalfCircle_1mm.uexp" 422
"../../../Engine/Plugins/Animation/ControlRig/Content/Controls/ControlRig_Diamond_solid.uasset" 423
"../../../Engine/Plugins/Animation/ControlRig/Content/Controls/ControlRig_Diamond_solid.uexp" 424
"../../../Engine/Plugins/Animation/ControlRig/Content/Controls/ControlRig_Diamond_3mm.uasset" 425
"../../../Engine/Plugins/Animation/ControlRig/Content/Controls/ControlRig_Diamond_3mm.uexp" 426
"../../../Engine/Plugins/Animation/ControlRig/Content/Controls/ControlRig_Diamond_1mm.uasset" 427
"../../../Engine/Plugins/Animation/ControlRig/Content/Controls/ControlRig_Diamond_1mm.uexp" 428
"../../../Engine/Plugins/Animation/ControlRig/Content/Controls/ControlRig_Circle_solid.uasset" 429
"../../../Engine/Plugins/Animation/ControlRig/Content/Controls/ControlRig_Circle_solid.uexp" 430
"../../../Engine/Plugins/Animation/ControlRig/Content/Controls/ControlRig_Circle_3mm.uasset" 431
"../../../Engine/Plugins/Animation/ControlRig/Content/Controls/ControlRig_Circle_3mm.uexp" 432
"../../../Engine/Plugins/Animation/ControlRig/Content/Controls/ControlRig_Circle_1mm.uasset" 433
"../../../Engine/Plugins/Animation/ControlRig/Content/Controls/ControlRig_Circle_1mm.uexp" 434
"../../../Engine/Plugins/Animation/ControlRig/Content/Controls/ControlRig_Box_solid.uasset" 435
"../../../Engine/Plugins/Animation/ControlRig/Content/Controls/ControlRig_Box_solid.uexp" 436
"../../../Engine/Plugins/Animation/ControlRig/Content/Controls/ControlRig_Box_3mm.uasset" 437
"../../../Engine/Plugins/Animation/ControlRig/Content/Controls/ControlRig_Box_3mm.uexp" 438
"../../../Engine/Plugins/Animation/ControlRig/Content/Controls/ControlRig_Box_1mm.uasset" 439
"../../../Engine/Plugins/Animation/ControlRig/Content/Controls/ControlRig_Box_1mm.uexp" 440
"../../../Engine/Plugins/Animation/ControlRig/Content/Controls/ControlRig_Arrow_solid.uasset" 441
"../../../Engine/Plugins/Animation/ControlRig/Content/Controls/ControlRig_Arrow_solid.uexp" 442
"../../../Engine/Plugins/Animation/ControlRig/Content/Controls/ControlRig_Arrow_3mm.uasset" 443
"../../../Engine/Plugins/Animation/ControlRig/Content/Controls/ControlRig_Arrow_3mm.uexp" 444
"../../../Engine/Plugins/Animation/ControlRig/Content/Controls/ControlRig_Arrow_1mm.uasset" 445
"../../../Engine/Plugins/Animation/ControlRig/Content/Controls/ControlRig_Arrow_1mm.uexp" 446
"../../../Engine/Plugins/Animation/ControlRig/Content/Controls/ControlRig_Arrow4_solid.uasset" 447
"../../../Engine/Plugins/Animation/ControlRig/Content/Controls/ControlRig_Arrow4_solid.uexp" 448
"../../../Engine/Plugins/Animation/ControlRig/Content/Controls/ControlRig_Arrow4_3mm.uasset" 449
"../../../Engine/Plugins/Animation/ControlRig/Content/Controls/ControlRig_Arrow4_3mm.uexp" 450
"../../../Engine/Plugins/Animation/ControlRig/Content/Controls/ControlRig_Arrow4_1mm.uasset" 451
"../../../Engine/Plugins/Animation/ControlRig/Content/Controls/ControlRig_Arrow4_1mm.uexp" 452
"../../../Engine/Plugins/Animation/ControlRig/Content/Controls/ControlRig_Arrow2_solid.uasset" 453
"../../../Engine/Plugins/Animation/ControlRig/Content/Controls/ControlRig_Arrow2_solid.uexp" 454
"../../../Engine/Plugins/Animation/ControlRig/Content/Controls/ControlRig_Arrow2_3mm.uasset" 455
"../../../Engine/Plugins/Animation/ControlRig/Content/Controls/ControlRig_Arrow2_3mm.uexp" 456
"../../../Engine/Plugins/Animation/ControlRig/Content/Controls/ControlRig_Arrow2_1mm.uasset" 457
"../../../Engine/Plugins/Animation/ControlRig/Content/Controls/ControlRig_Arrow2_1mm.uexp" 458
"../../../Engine/Plugins/Animation/ControlRig/Content/Controls/ControlRigGizmoMaterial.uasset" 459
"../../../Engine/Plugins/Animation/ControlRig/Content/Controls/ControlRigGizmoMaterial.uexp" 460
"../../../Engine/Plugins/Editor/SpeedTreeImporter/Content/SpeedTree9/game_wind_noise.ubulk" 461
"../../../Engine/Plugins/Editor/SpeedTreeImporter/Content/SpeedTree9/game_wind_noise.uasset" 462
"../../../Engine/Plugins/Editor/SpeedTreeImporter/Content/SpeedTree9/game_wind_noise.uexp" 463
"../../../Engine/Plugins/Editor/SpeedTreeImporter/Content/SpeedTree9/UnpackDirection.uasset" 464
"../../../Engine/Plugins/Editor/SpeedTreeImporter/Content/SpeedTree9/UnpackDirection.uexp" 465
"../../../Engine/Content/Functions/Engine_MaterialFunctions02/ObjectLocalBounds.uasset" 466
"../../../Engine/Content/Functions/Engine_MaterialFunctions02/ObjectLocalBounds.uexp" 467
"../../../Engine/Content/Functions/Engine_MaterialFunctions02/UVs/BoundingBoxBased_0-1_UVW.uasset" 468
"../../../Engine/Content/Functions/Engine_MaterialFunctions02/UVs/BoundingBoxBased_0-1_UVW.uexp" 469
"../../../Engine/Content/Functions/Engine_MaterialFunctions02/Utility/VectorLength.uasset" 470
"../../../Engine/Content/Functions/Engine_MaterialFunctions02/Utility/VectorLength.uexp" 471
"../../../Engine/Plugins/Editor/SpeedTreeImporter/Content/SpeedTree9/UnpackInteger3.uasset" 472
"../../../Engine/Plugins/Editor/SpeedTreeImporter/Content/SpeedTree9/UnpackInteger3.uexp" 473
"../../../Engine/Plugins/Editor/SpeedTreeImporter/Content/SpeedTree9/SpeedTreeCameraFacing.uasset" 474
"../../../Engine/Plugins/Editor/SpeedTreeImporter/Content/SpeedTree9/SpeedTreeCameraFacing.uexp" 475
"../../../Engine/Content/Functions/Engine_MaterialFunctions02/WorldPositionOffset/ObjectScale.uasset" 476
"../../../Engine/Content/Functions/Engine_MaterialFunctions02/WorldPositionOffset/ObjectScale.uexp" 477
"../../../Engine/Content/Functions/Engine_MaterialFunctions02/SafeNormalize.uasset" 478
"../../../Engine/Content/Functions/Engine_MaterialFunctions02/SafeNormalize.uexp" 479
"../../../Engine/Plugins/Editor/SpeedTreeImporter/Content/SpeedTree9/SpeedTreeWindMotion.uasset" 480
"../../../Engine/Plugins/Editor/SpeedTreeImporter/Content/SpeedTree9/SpeedTreeWindMotion.uexp" 481
"../../../Engine/Plugins/Editor/SpeedTreeImporter/Content/SpeedTree9/SpeedTreeBranchMotion.uasset" 482
"../../../Engine/Plugins/Editor/SpeedTreeImporter/Content/SpeedTree9/SpeedTreeBranchMotion.uexp" 483
"../../../Engine/Plugins/Editor/SpeedTreeImporter/Content/SpeedTree9/SpeedTreeWind.uasset" 484
"../../../Engine/Plugins/Editor/SpeedTreeImporter/Content/SpeedTree9/SpeedTreeWind.uexp" 485
"../../../Engine/Plugins/Editor/SpeedTreeImporter/Content/SpeedTree9/EmptyNormal.uasset" 486
"../../../Engine/Plugins/Editor/SpeedTreeImporter/Content/SpeedTree9/EmptyNormal.uexp" 487
"../../../Engine/Plugins/Editor/SpeedTreeImporter/Content/SpeedTree9/Empty.uasset" 488
"../../../Engine/Plugins/Editor/SpeedTreeImporter/Content/SpeedTree9/Empty.uexp" 489
"../../../Engine/Plugins/Editor/SpeedTreeImporter/Content/SpeedTree9/SpeedTreeMaster.uasset" 490
"../../../Engine/Plugins/Editor/SpeedTreeImporter/Content/SpeedTree9/SpeedTreeMaster.uexp" 491
"../../../Engine/Plugins/Editor/SpeedTreeImporter/Content/SpeedTree9/SpeedTreeBillboard.uasset" 492
"../../../Engine/Plugins/Editor/SpeedTreeImporter/Content/SpeedTree9/SpeedTreeBillboard.uexp" 493
"../../../Engine/Plugins/Editor/SpeedTreeImporter/Content/SpeedTree9/SpeedTreeBillboardMaster.uasset" 494
"../../../Engine/Plugins/Editor/SpeedTreeImporter/Content/SpeedTree9/SpeedTreeBillboardMaster.uexp" 495
"../../../Engine/Plugins/Runtime/HairStrands/Content/Materials/HairMeshesDefaultMaterial.uasset" 496
"../../../Engine/Plugins/Runtime/HairStrands/Content/Materials/HairMeshesDefaultMaterial.uexp" 497
"../../../Engine/Plugins/Runtime/HairStrands/Content/Materials/HairDefaultMaterial.uasset" 498
"../../../Engine/Plugins/Runtime/HairStrands/Content/Materials/HairDefaultMaterial.uexp" 499
"../../../Engine/Plugins/Runtime/HairStrands/Content/Materials/HairGroupColors.uasset" 500
"../../../Engine/Plugins/Runtime/HairStrands/Content/Materials/HairGroupColors.uexp" 501
"../../../Engine/Content/EngineMaterials/HairColorMap.uasset" 502
"../../../Engine/Content/EngineMaterials/HairColorMap.uexp" 503
"../../../Engine/Content/EngineMaterials/HairDebugColor.uasset" 504
"../../../Engine/Content/EngineMaterials/HairDebugColor.uexp" 505
"../../../Engine/Plugins/Runtime/HairStrands/Content/Materials/HairDebugMaterial.uasset" 506
"../../../Engine/Plugins/Runtime/HairStrands/Content/Materials/HairDebugMaterial.uexp" 507
"../../../Engine/Plugins/Runtime/HairStrands/Content/Materials/HairCardsDefaultMaterial.uasset" 508
"../../../Engine/Plugins/Runtime/HairStrands/Content/Materials/HairCardsDefaultMaterial.uexp" 509
"E:/Netshoot/Content/Gunslinger/GunslingerTTP_Skeleton.uasset" 510
"E:/Netshoot/Content/Gunslinger/GunslingerTTP_Skeleton.uexp" 511
"E:/Netshoot/Content/Animations/Gunslinger_Aiming.uasset" 512
"E:/Netshoot/Content/Animations/Gunslinger_Aiming.uexp" 513
"E:/Netshoot/Content/Animations/Gunslinger_ResetAim.uasset" 514
"E:/Netshoot/Content/Animations/Gunslinger_ResetAim.uexp" 515
"E:/Netshoot/Content/Blueprints/Widgets/EndTask.uasset" 516
"E:/Netshoot/Content/Blueprints/Widgets/EndTask.uexp" 517
"E:/Netshoot/Content/Sounds/Randomize_09.ubulk" 518
"E:/Netshoot/Content/Sounds/Randomize_09.uasset" 519
"E:/Netshoot/Content/Sounds/Randomize_09.uexp" 520
"E:/Netshoot/Content/Sounds/Randomize_07.ubulk" 521
"E:/Netshoot/Content/Sounds/Randomize_07.uasset" 522
"E:/Netshoot/Content/Sounds/Randomize_07.uexp" 523
"E:/Netshoot/Content/Sounds/Randomize_06.ubulk" 524
"E:/Netshoot/Content/Sounds/Randomize_06.uasset" 525
"E:/Netshoot/Content/Sounds/Randomize_06.uexp" 526
"E:/Netshoot/Content/Sounds/Randomize_05.ubulk" 527
"E:/Netshoot/Content/Sounds/Randomize_05.uasset" 528
"E:/Netshoot/Content/Sounds/Randomize_05.uexp" 529
"E:/Netshoot/Content/Sounds/Randomize_04.ubulk" 530
"E:/Netshoot/Content/Sounds/Randomize_04.uasset" 531
"E:/Netshoot/Content/Sounds/Randomize_04.uexp" 532
"E:/Netshoot/Content/Sounds/Randomize_02.ubulk" 533
"E:/Netshoot/Content/Sounds/Randomize_02.uasset" 534
"E:/Netshoot/Content/Sounds/Randomize_02.uexp" 535
"E:/Netshoot/Content/Sounds/Powerup_02.ubulk" 536
"E:/Netshoot/Content/Sounds/Powerup_02.uasset" 537
"E:/Netshoot/Content/Sounds/Powerup_02.uexp" 538
"E:/Netshoot/Content/Sounds/Powerup_01.ubulk" 539
"E:/Netshoot/Content/Sounds/Powerup_01.uasset" 540
"E:/Netshoot/Content/Sounds/Powerup_01.uexp" 541
"E:/Netshoot/Content/Sounds/Laser_02.uasset" 542
"E:/Netshoot/Content/Sounds/Laser_02.uexp" 543
"E:/Netshoot/Content/Sounds/Laser_01.uasset" 544
"E:/Netshoot/Content/Sounds/Laser_01.uexp" 545
"E:/Netshoot/Content/Sounds/Coin_02.ubulk" 546
"E:/Netshoot/Content/Sounds/Coin_02.uasset" 547
"E:/Netshoot/Content/Sounds/Coin_02.uexp" 548
"E:/Netshoot/Content/Sounds/Blip_02.uasset" 549
"E:/Netshoot/Content/Sounds/Blip_02.uexp" 550
"E:/Netshoot/Content/Sounds/Blip_01.uasset" 551
"E:/Netshoot/Content/Sounds/Blip_01.uexp" 552
"../../../Engine/Content/Maps/Entry_BuiltData.uasset" 553
"../../../Engine/Content/Maps/Entry_BuiltData.uexp" 554
"../../../Engine/Content/Maps/Entry.uexp" 555
"../../../Engine/Content/Maps/Entry.umap" 556
"E:/Netshoot/Content/Materials/M_Basic.uasset" 557
"E:/Netshoot/Content/Materials/M_Basic.uexp" 558
"E:/Netshoot/Content/Materials/M_Basic_Inst.uasset" 559
"E:/Netshoot/Content/Materials/M_Basic_Inst.uexp" 560
"E:/Netshoot/Content/Environment/Building_00.uasset" 561
"E:/Netshoot/Content/Environment/Building_00.uexp" 562
"E:/Netshoot/Content/Environment/Crate.uasset" 563
"E:/Netshoot/Content/Environment/Crate.uexp" 564
"E:/Netshoot/Content/Blueprints/MyGameState.uasset" 565
"E:/Netshoot/Content/Blueprints/MyGameState.uexp" 566
"E:/Netshoot/Content/Blueprints/MyPlayerState.uasset" 567
"E:/Netshoot/Content/Blueprints/MyPlayerState.uexp" 568
"../../../Engine/Content/Functions/Engine_MaterialFunctions01/Gradient/RadialGradient.uasset" 569
"../../../Engine/Content/Functions/Engine_MaterialFunctions01/Gradient/RadialGradient.uexp" 570
"E:/Netshoot/Content/Materials/M_Bullet.uasset" 571
"E:/Netshoot/Content/Materials/M_Bullet.uexp" 572
"E:/Netshoot/Content/Materials/M_Bullet_Inst.uasset" 573
"E:/Netshoot/Content/Materials/M_Bullet_Inst.uexp" 574
"E:/Netshoot/Content/Meshes/Sphere.uasset" 575
"E:/Netshoot/Content/Meshes/Sphere.uexp" 576
"E:/Netshoot/Content/Sounds/Hit_01.ubulk" 577
"E:/Netshoot/Content/Sounds/Hit_01.uasset" 578
"E:/Netshoot/Content/Sounds/Hit_01.uexp" 579
"E:/Netshoot/Content/Sounds/SoundCue_Attentuated.uasset" 580
"E:/Netshoot/Content/Sounds/SoundCue_Attentuated.uexp" 581
"E:/Netshoot/Content/Sounds/Randomize_01.ubulk" 582
"E:/Netshoot/Content/Sounds/Randomize_01.uasset" 583
"E:/Netshoot/Content/Sounds/Randomize_01.uexp" 584
"E:/Netshoot/Content/Effects/P_Hit.uasset" 585
"E:/Netshoot/Content/Effects/P_Hit.uexp" 586
"E:/Netshoot/Content/Blueprints/BP_Projectile.uasset" 587
"E:/Netshoot/Content/Blueprints/BP_Projectile.uexp" 588
"E:/Netshoot/Content/Materials/M_Hat.uasset" 589
"E:/Netshoot/Content/Materials/M_Hat.uexp" 590
"E:/Netshoot/Content/Materials/M_Hat_Inst.uasset" 591
"E:/Netshoot/Content/Materials/M_Hat_Inst.uexp" 592
"E:/Netshoot/Content/Meshes/Hat.uasset" 593
"E:/Netshoot/Content/Meshes/Hat.uexp" 594
"E:/Netshoot/Content/Animations/Gunslinger_Hit_01.uasset" 595
"E:/Netshoot/Content/Animations/Gunslinger_Hit_01.uexp" 596
"E:/Netshoot/Content/Sounds/Randomize_03.ubulk" 597
"E:/Netshoot/Content/Sounds/Randomize_03.uasset" 598
"E:/Netshoot/Content/Sounds/Randomize_03.uexp" 599
"E:/Netshoot/Content/Sounds/Coin_01.uasset" 600
"E:/Netshoot/Content/Sounds/Coin_01.uexp" 601
"E:/Netshoot/Content/Materials/M_Player.uasset" 602
"E:/Netshoot/Content/Materials/M_Player.uexp" 603
"E:/Netshoot/Content/Materials/M_Player_Inst.uasset" 604
"E:/Netshoot/Content/Materials/M_Player_Inst.uexp" 605
"E:/Netshoot/Content/Gunslinger/GunslingerTTP_PhysicsAsset.uasset" 606
"E:/Netshoot/Content/Gunslinger/GunslingerTTP_PhysicsAsset.uexp" 607
"E:/Netshoot/Content/Gunslinger/GunslingerTTP.uasset" 608
"E:/Netshoot/Content/Gunslinger/GunslingerTTP.uexp" 609
"E:/Netshoot/Content/Textures/MuzzleFlash.ubulk" 610
"E:/Netshoot/Content/Textures/MuzzleFlash.uasset" 611
"E:/Netshoot/Content/Textures/MuzzleFlash.uexp" 612
"E:/Netshoot/Content/Materials/M_MuzzleFlash.uasset" 613
"E:/Netshoot/Content/Materials/M_MuzzleFlash.uexp" 614
"E:/Netshoot/Content/Materials/M_MuzzleFlash_Inst.uasset" 615
"E:/Netshoot/Content/Materials/M_MuzzleFlash_Inst.uexp" 616
"E:/Netshoot/Content/Effects/P_MuzzleFlash.uasset" 617
"E:/Netshoot/Content/Effects/P_MuzzleFlash.uexp" 618
"E:/Netshoot/Content/Blueprints/BP_MuzzleFlash.uasset" 619
"E:/Netshoot/Content/Blueprints/BP_MuzzleFlash.uexp" 620
"E:/Netshoot/Content/Materials/M_Gun.uasset" 621
"E:/Netshoot/Content/Materials/M_Gun.uexp" 622
"E:/Netshoot/Content/Meshes/Gun.uasset" 623
"E:/Netshoot/Content/Meshes/Gun.uexp" 624
"E:/Netshoot/Content/Sounds/Randomize_08.ubulk" 625
"E:/Netshoot/Content/Sounds/Randomize_08.uasset" 626
"E:/Netshoot/Content/Sounds/Randomize_08.uexp" 627
"E:/Netshoot/Content/Blueprints/CamShake_01.uasset" 628
"E:/Netshoot/Content/Blueprints/CamShake_01.uexp" 629
"E:/Netshoot/Content/Sounds/Gunfire_01.ubulk" 630
"E:/Netshoot/Content/Sounds/Gunfire_01.uasset" 631
"E:/Netshoot/Content/Sounds/Gunfire_01.uexp" 632
"E:/Netshoot/Content/Animations/Gunslinger_Fire.uasset" 633
"E:/Netshoot/Content/Animations/Gunslinger_Fire.uexp" 634
"E:/Netshoot/Content/Animations/Gunslinger_Aim_CC.uasset" 635
"E:/Netshoot/Content/Animations/Gunslinger_Aim_CC.uexp" 636
"E:/Netshoot/Content/Animations/Gunslinger_Aim_CR.uasset" 637
"E:/Netshoot/Content/Animations/Gunslinger_Aim_CR.uexp" 638
"E:/Netshoot/Content/Animations/Gunslinger_Aim_DR.uasset" 639
"E:/Netshoot/Content/Animations/Gunslinger_Aim_DR.uexp" 640
"E:/Netshoot/Content/Animations/Gunslinger_Aim_DL.uasset" 641
"E:/Netshoot/Content/Animations/Gunslinger_Aim_DL.uexp" 642
"E:/Netshoot/Content/Animations/Gunslinger_Aim_DC.uasset" 643
"E:/Netshoot/Content/Animations/Gunslinger_Aim_DC.uexp" 644
"E:/Netshoot/Content/Animations/Gunslinger_Aim_UR.uasset" 645
"E:/Netshoot/Content/Animations/Gunslinger_Aim_UR.uexp" 646
"E:/Netshoot/Content/Animations/Gunslinger_Aim_UL.uasset" 647
"E:/Netshoot/Content/Animations/Gunslinger_Aim_UL.uexp" 648
"E:/Netshoot/Content/Animations/Gunslinger_Aim_CL.uasset" 649
"E:/Netshoot/Content/Animations/Gunslinger_Aim_CL.uexp" 650
"E:/Netshoot/Content/Animations/Gunslinger_Aim_UC.uasset" 651
"E:/Netshoot/Content/Animations/Gunslinger_Aim_UC.uexp" 652
"E:/Netshoot/Content/Animations/AimOffset_Gunslinger.uasset" 653
"E:/Netshoot/Content/Animations/AimOffset_Gunslinger.uexp" 654
"E:/Netshoot/Content/Animations/Gunslinger_Ready.uasset" 655
"E:/Netshoot/Content/Animations/Gunslinger_Ready.uexp" 656
"E:/Netshoot/Content/Animations/Gunslinger_Draw.uasset" 657
"E:/Netshoot/Content/Animations/Gunslinger_Draw.uexp" 658
"E:/Netshoot/Content/Animations/Gunslinger_Unholster.uasset" 659
"E:/Netshoot/Content/Animations/Gunslinger_Unholster.uexp" 660
"E:/Netshoot/Content/Animations/Gunslinger_PullBack.uasset" 661
"E:/Netshoot/Content/Animations/Gunslinger_PullBack.uexp" 662
"E:/Netshoot/Content/Gunslinger/Gunslinger_AnimBP.uasset" 663
"E:/Netshoot/Content/Gunslinger/Gunslinger_AnimBP.uexp" 664
"../../../Engine/Content/EditorBlueprintResources/StandardMacros.uasset" 665
"../../../Engine/Content/EditorBlueprintResources/StandardMacros.uexp" 666
"../../../Engine/Content/EditorBlueprintResources/ActorMacros.uasset" 667
"../../../Engine/Content/EditorBlueprintResources/ActorMacros.uexp" 668
"E:/Netshoot/Content/Sounds/Click_01.uasset" 669
"E:/Netshoot/Content/Sounds/Click_01.uexp" 670
"E:/Netshoot/Content/Gunslinger/Gunslinger_BP.uasset" 671
"E:/Netshoot/Content/Gunslinger/Gunslinger_BP.uexp" 672
"E:/Netshoot/Content/Blueprints/Widgets/ScoreboardRow.uasset" 673
"E:/Netshoot/Content/Blueprints/Widgets/ScoreboardRow.uexp" 674
"E:/Netshoot/Content/Blueprints/Widgets/MyHUD.uasset" 675
"E:/Netshoot/Content/Blueprints/Widgets/MyHUD.uexp" 676
"E:/Netshoot/Content/Textures/Ammo_Full.uasset" 677
"E:/Netshoot/Content/Textures/Ammo_Full.uexp" 678
"E:/Netshoot/Content/Textures/Ammo_Empty.uasset" 679
"E:/Netshoot/Content/Textures/Ammo_Empty.uexp" 680
"E:/Netshoot/Content/Blueprints/Widgets/AmmoWidget.uasset" 681
"E:/Netshoot/Content/Blueprints/Widgets/AmmoWidget.uexp" 682
"E:/Netshoot/Content/Blueprints/Widgets/ServerRow.uasset" 683
"E:/Netshoot/Content/Blueprints/Widgets/ServerRow.uexp" 684
"E:/Netshoot/Content/Blueprints/Widgets/ServerList.uasset" 685
"E:/Netshoot/Content/Blueprints/Widgets/ServerList.uexp" 686
"E:/Netshoot/Content/Blueprints/State.uasset" 687
"E:/Netshoot/Content/Blueprints/State.uexp" 688
"E:/Netshoot/Content/Blueprints/Widgets/MainMenu.uasset" 689
"E:/Netshoot/Content/Blueprints/Widgets/MainMenu.uexp" 690
"E:/Netshoot/Content/Blueprints/Widgets/LoadingScreen.uasset" 691
"E:/Netshoot/Content/Blueprints/Widgets/LoadingScreen.uexp" 692
"E:/Netshoot/Content/Blueprints/Widgets/ErrorDialog.uasset" 693
"E:/Netshoot/Content/Blueprints/Widgets/ErrorDialog.uexp" 694
"E:/Netshoot/Content/Blueprints/MyGameInstance.uasset" 695
"E:/Netshoot/Content/Blueprints/MyGameInstance.uexp" 696
"E:/Netshoot/Content/Blueprints/Widgets/InGameMenu.uasset" 697
"E:/Netshoot/Content/Blueprints/Widgets/InGameMenu.uexp" 698
"E:/Netshoot/Content/Blueprints/MyPlayerController.uasset" 699
"E:/Netshoot/Content/Blueprints/MyPlayerController.uexp" 700
"E:/Netshoot/Content/Blueprints/MyGameMode.uasset" 701
"E:/Netshoot/Content/Blueprints/MyGameMode.uexp" 702
"E:/Netshoot/Content/Environment/Horse_TieUp.uasset" 703
"E:/Netshoot/Content/Environment/Horse_TieUp.uexp" 704
"E:/Netshoot/Content/Audio/Starter_Wind06.ubulk" 705
"E:/Netshoot/Content/Audio/Starter_Wind06.uasset" 706
"E:/Netshoot/Content/Audio/Starter_Wind06.uexp" 707
"E:/Netshoot/Content/Audio/Starter_Birds01.ubulk" 708
"E:/Netshoot/Content/Audio/Starter_Birds01.uasset" 709
"E:/Netshoot/Content/Audio/Starter_Birds01.uexp" 710
"E:/Netshoot/Content/Audio/Starter_Wind05.ubulk" 711
"E:/Netshoot/Content/Audio/Starter_Wind05.uasset" 712
"E:/Netshoot/Content/Audio/Starter_Wind05.uexp" 713
"E:/Netshoot/Content/Audio/Starter_Background_Cue.uasset" 714
"E:/Netshoot/Content/Audio/Starter_Background_Cue.uexp" 715
"../../../Engine/Content/EngineMeshes/Cube.uasset" 716
"../../../Engine/Content/EngineMeshes/Cube.uexp" 717
"E:/Netshoot/Content/Blueprints/NewBlueprint.uasset" 718
"E:/Netshoot/Content/Blueprints/NewBlueprint.uexp" 719
"E:/Netshoot/Content/Environment/Ground.uasset" 720
"E:/Netshoot/Content/Environment/Ground.uexp" 721
"E:/Netshoot/Content/Environment/Trough.uasset" 722
"E:/Netshoot/Content/Environment/Trough.uexp" 723
"E:/Netshoot/Content/Environment/Barrel.uasset" 724
"E:/Netshoot/Content/Environment/Barrel.uexp" 725
"E:/Netshoot/Content/Environment/Building_01.uasset" 726
"E:/Netshoot/Content/Environment/Building_01.uexp" 727
"E:/Netshoot/Content/Maps/Untitled.uexp" 728
"E:/Netshoot/Content/Maps/Untitled.umap" 729
"E:/Netshoot/Content/Maps/ServerWithSession.uexp" 730
"E:/Netshoot/Content/Maps/ServerWithSession.umap" 731
"E:/Netshoot/Content/Maps/MainMenu.uexp" 732
"E:/Netshoot/Content/Maps/MainMenu.umap" 733
"E:/Netshoot/Content/Maps/Level_02.uexp" 734
"E:/Netshoot/Content/Maps/Level_02.umap" 735
"E:/Netshoot/Content/Maps/Level_011.uexp" 736
"E:/Netshoot/Content/Maps/Level_011.umap" 737
"E:/Netshoot/Content/Maps/Level_01_BuiltData.ubulk" 738
"E:/Netshoot/Content/Maps/Level_01_BuiltData.uasset" 739
"E:/Netshoot/Content/Maps/Level_01_BuiltData.uexp" 740
"E:/Netshoot/Content/Maps/Level_01.uexp" 741
"E:/Netshoot/Content/Maps/Level_01.umap" 742
